Using pre-set license
Built from '2020.3/release' branch; Version is '2020.3.2f1 (8fd9074bf66c) revision 9427207'; Using compiler version '192528614'; Build Type 'Release'
OS: 'Windows 10 Pro; OS build 19042.985; Version 2009; 64bit' Language: 'es' Physical Memory: 8066 MB
BatchMode: 1, IsHumanControllingUs: 0, StartBugReporterOnCrash: 0, Is64bit: 1, IsPro: 0

 COMMAND LINE ARGUMENTS:
C:\Program Files\Unity\Hub\Editor\2020.3.2f1\Editor\Unity.exe
-adb2
-batchMode
-noUpm
-name
AssetImportWorker1
-projectPath
C:/Users/pcere/Comboart
-logFile
Logs/AssetImportWorker1.log
-srvPort
61598
Successfully changed project path to: C:/Users/pcere/Comboart
C:/Users/pcere/Comboart
Using Asset Import Pipeline V2.
Refreshing native plugins compatible for Editor in 114.97 ms, found 1 plugins.
Preloading 0 native plugins for Editor in 0.00 ms.
Initialize engine version: 2020.3.2f1 (8fd9074bf66c)
[Subsystems] Discovering subsystems at path C:/Program Files/Unity/Hub/Editor/2020.3.2f1/Editor/Data/Resources/UnitySubsystems
[Subsystems] Discovering subsystems at path C:/Users/pcere/Comboart/Assets
GfxDevice: creating device client; threaded=0
Direct3D:
    Version:  Direct3D 11.0 [level 11.1]
    Renderer: NVIDIA GeForce GTX 1050 (ID=0x1c8d)
    Vendor:   
    VRAM:     4019 MB
    Driver:   27.21.14.6589
Initialize mono
Mono path[0] = 'C:/Program Files/Unity/Hub/Editor/2020.3.2f1/Editor/Data/Managed'
Mono path[1] = 'C:/Program Files/Unity/Hub/Editor/2020.3.2f1/Editor/Data/MonoBleedingEdge/lib/mono/unityjit'
Mono config path = 'C:/Program Files/Unity/Hub/Editor/2020.3.2f1/Editor/Data/MonoBleedingEdge/etc'
Using monoOptions --debugger-agent=transport=dt_socket,embedding=1,server=y,suspend=n,address=127.0.0.1:56036
Begin MonoManager ReloadAssembly
Registering precompiled unity dll's ...
Register platform support module: C:/Program Files/Unity/Hub/Editor/2020.3.2f1/Editor/Data/PlaybackEngines/WindowsStandaloneSupport/UnityEditor.WindowsStandalone.Extensions.dll
Registered in 0.002203 seconds.
Native extension for WindowsStandalone target not found
Refreshing native plugins compatible for Editor in 39.79 ms, found 1 plugins.
Preloading 0 native plugins for Editor in 0.00 ms.
Invoked RoslynAnalysisRunner static constructor.
RoslynAnalysisRunner will not be running.
RoslynAnalysisRunner has terminated.
Mono: successfully reloaded assembly
- Completed reload, in  2.134 seconds
Platform modules already initialized, skipping
Registering precompiled user dll's ...
Registered in 0.001444 seconds.
Begin MonoManager ReloadAssembly
Native extension for WindowsStandalone target not found
Refreshing native plugins compatible for Editor in 34.32 ms, found 1 plugins.
Preloading 0 native plugins for Editor in 0.00 ms.
Invoked RoslynAnalysisRunner static constructor.
RoslynAnalysisRunner will not be running.
RoslynAnalysisRunner has terminated.
Mono: successfully reloaded assembly
- Completed reload, in  0.863 seconds
Platform modules already initialized, skipping
========================================================================
Worker process is ready to serve import requests
Launched and connected shader compiler UnityShaderCompiler.exe after 0.09 seconds
Refreshing native plugins compatible for Editor in 0.36 ms, found 1 plugins.
Preloading 0 native plugins for Editor in 0.00 ms.
Unloading 1880 Unused Serialized files (Serialized files now loaded: 0)
System memory in use before: 109.3 MB.
System memory in use after: 109.3 MB.

Unloading 23 unused Assets to reduce memory usage. Loaded Objects now: 2351.
Total: 2.269700 ms (FindLiveObjects: 0.259400 ms CreateObjectMapping: 0.154500 ms MarkObjects: 1.716700 ms  DeleteObjects: 0.138200 ms)

========================================================================
Received Import Request.
  path: Assets/scripts/EscenaCombate/Combate.cs
  artifactKey: Guid(648c7b03d01aac546b80ec2f93332971) Importer(815301076,1909f56bfc062723c751e8b465ee728b)
Start importing Assets/scripts/EscenaCombate/Combate.cs using Guid(648c7b03d01aac546b80ec2f93332971) Importer(815301076,1909f56bfc062723c751e8b465ee728b)  -> (artifact id: '437118b962db8668fd183d84f47add60') in 0.057050 seconds
  Import took 0.059884 seconds .

========================================================================
Received Prepare
Registering precompiled user dll's ...
Registered in 0.000929 seconds.
Begin MonoManager ReloadAssembly
Native extension for WindowsStandalone target not found
Refreshing native plugins compatible for Editor in 0.43 ms, found 1 plugins.
Preloading 0 native plugins for Editor in 0.00 ms.
Invoked RoslynAnalysisRunner static constructor.
RoslynAnalysisRunner will not be running.
RoslynAnalysisRunner has terminated.
Mono: successfully reloaded assembly
- Completed reload, in  0.799 seconds
Platform modules already initialized, skipping
Refreshing native plugins compatible for Editor in 0.40 ms, found 1 plugins.
Preloading 0 native plugins for Editor in 0.00 ms.
Unloading 1861 Unused Serialized files (Serialized files now loaded: 0)
System memory in use before: 107.9 MB.
System memory in use after: 107.9 MB.

Unloading 12 unused Assets to reduce memory usage. Loaded Objects now: 2355.
Total: 2.716700 ms (FindLiveObjects: 0.204200 ms CreateObjectMapping: 0.078100 ms MarkObjects: 2.319400 ms  DeleteObjects: 0.114200 ms)

========================================================================
Received Import Request.
  Time since last request: 167.953735 seconds.
  path: Assets/scripts/EscenaCombate/Combate.cs
  artifactKey: Guid(648c7b03d01aac546b80ec2f93332971) Importer(815301076,1909f56bfc062723c751e8b465ee728b)
Start importing Assets/scripts/EscenaCombate/Combate.cs using Guid(648c7b03d01aac546b80ec2f93332971) Importer(815301076,1909f56bfc062723c751e8b465ee728b)  -> (artifact id: 'fdf5ca77df5fba4947332a4a35d66446') in 0.004472 seconds
  Import took 0.007182 seconds .

========================================================================
Received Prepare
Registering precompiled user dll's ...
Registered in 0.000888 seconds.
Begin MonoManager ReloadAssembly
Native extension for WindowsStandalone target not found
Refreshing native plugins compatible for Editor in 0.47 ms, found 1 plugins.
Preloading 0 native plugins for Editor in 0.00 ms.
Invoked RoslynAnalysisRunner static constructor.
RoslynAnalysisRunner will not be running.
RoslynAnalysisRunner has terminated.
Mono: successfully reloaded assembly
- Completed reload, in  0.789 seconds
Platform modules already initialized, skipping
Refreshing native plugins compatible for Editor in 0.37 ms, found 1 plugins.
Preloading 0 native plugins for Editor in 0.00 ms.
Unloading 1861 Unused Serialized files (Serialized files now loaded: 0)
System memory in use before: 108.0 MB.
System memory in use after: 107.9 MB.

Unloading 12 unused Assets to reduce memory usage. Loaded Objects now: 2359.
Total: 2.194200 ms (FindLiveObjects: 0.245300 ms CreateObjectMapping: 0.076500 ms MarkObjects: 1.745700 ms  DeleteObjects: 0.123700 ms)

========================================================================
Received Import Request.
  Time since last request: 57.079749 seconds.
  path: Assets/scripts/EscenaCombate/Combate.cs
  artifactKey: Guid(648c7b03d01aac546b80ec2f93332971) Importer(815301076,1909f56bfc062723c751e8b465ee728b)
Start importing Assets/scripts/EscenaCombate/Combate.cs using Guid(648c7b03d01aac546b80ec2f93332971) Importer(815301076,1909f56bfc062723c751e8b465ee728b)  -> (artifact id: 'f940d891ecc426ca7b545d45dde6ec03') in 0.006362 seconds
  Import took 0.009055 seconds .

========================================================================
Received Prepare
Registering precompiled user dll's ...
Registered in 0.001184 seconds.
Begin MonoManager ReloadAssembly
Native extension for WindowsStandalone target not found
Refreshing native plugins compatible for Editor in 0.36 ms, found 1 plugins.
Preloading 0 native plugins for Editor in 0.00 ms.
Invoked RoslynAnalysisRunner static constructor.
RoslynAnalysisRunner will not be running.
RoslynAnalysisRunner has terminated.
Mono: successfully reloaded assembly
- Completed reload, in  0.949 seconds
Platform modules already initialized, skipping
Refreshing native plugins compatible for Editor in 0.41 ms, found 1 plugins.
Preloading 0 native plugins for Editor in 0.00 ms.
Unloading 1861 Unused Serialized files (Serialized files now loaded: 0)
System memory in use before: 108.0 MB.
System memory in use after: 108.0 MB.

Unloading 12 unused Assets to reduce memory usage. Loaded Objects now: 2363.
Total: 2.319400 ms (FindLiveObjects: 0.265300 ms CreateObjectMapping: 0.076200 ms MarkObjects: 1.847600 ms  DeleteObjects: 0.129300 ms)

========================================================================
Received Prepare
Registering precompiled user dll's ...
Registered in 0.001189 seconds.
Begin MonoManager ReloadAssembly
Native extension for WindowsStandalone target not found
Refreshing native plugins compatible for Editor in 0.38 ms, found 1 plugins.
Preloading 0 native plugins for Editor in 0.00 ms.
Invoked RoslynAnalysisRunner static constructor.
RoslynAnalysisRunner will not be running.
RoslynAnalysisRunner has terminated.
Mono: successfully reloaded assembly
- Completed reload, in  0.827 seconds
Platform modules already initialized, skipping
Refreshing native plugins compatible for Editor in 0.61 ms, found 1 plugins.
Preloading 0 native plugins for Editor in 0.00 ms.
Unloading 1861 Unused Serialized files (Serialized files now loaded: 0)
System memory in use before: 107.9 MB.
System memory in use after: 107.9 MB.

Unloading 12 unused Assets to reduce memory usage. Loaded Objects now: 2367.
Total: 2.082600 ms (FindLiveObjects: 0.212400 ms CreateObjectMapping: 0.076100 ms MarkObjects: 1.663300 ms  DeleteObjects: 0.129800 ms)

========================================================================
Received Prepare
Registering precompiled user dll's ...
Registered in 0.000905 seconds.
Begin MonoManager ReloadAssembly
Native extension for WindowsStandalone target not found
Refreshing native plugins compatible for Editor in 0.71 ms, found 1 plugins.
Preloading 0 native plugins for Editor in 0.00 ms.
Invoked RoslynAnalysisRunner static constructor.
RoslynAnalysisRunner will not be running.
RoslynAnalysisRunner has terminated.
Mono: successfully reloaded assembly
- Completed reload, in  0.990 seconds
Platform modules already initialized, skipping
Refreshing native plugins compatible for Editor in 0.44 ms, found 1 plugins.
Preloading 0 native plugins for Editor in 0.00 ms.
Unloading 1861 Unused Serialized files (Serialized files now loaded: 0)
System memory in use before: 107.9 MB.
System memory in use after: 107.9 MB.

Unloading 12 unused Assets to reduce memory usage. Loaded Objects now: 2371.
Total: 5.802100 ms (FindLiveObjects: 0.639800 ms CreateObjectMapping: 0.153900 ms MarkObjects: 4.794800 ms  DeleteObjects: 0.209800 ms)

========================================================================
Received Prepare
Registering precompiled user dll's ...
Registered in 0.000853 seconds.
Begin MonoManager ReloadAssembly
Native extension for WindowsStandalone target not found
Refreshing native plugins compatible for Editor in 0.36 ms, found 1 plugins.
Preloading 0 native plugins for Editor in 0.00 ms.
Invoked RoslynAnalysisRunner static constructor.
RoslynAnalysisRunner will not be running.
RoslynAnalysisRunner has terminated.
Mono: successfully reloaded assembly
- Completed reload, in  0.763 seconds
Platform modules already initialized, skipping
Refreshing native plugins compatible for Editor in 0.37 ms, found 1 plugins.
Preloading 0 native plugins for Editor in 0.00 ms.
Unloading 1861 Unused Serialized files (Serialized files now loaded: 0)
System memory in use before: 108.0 MB.
System memory in use after: 107.9 MB.

Unloading 12 unused Assets to reduce memory usage. Loaded Objects now: 2375.
Total: 2.153700 ms (FindLiveObjects: 0.203400 ms CreateObjectMapping: 0.072800 ms MarkObjects: 1.749300 ms  DeleteObjects: 0.126900 ms)

========================================================================
Received Prepare
Registering precompiled user dll's ...
Registered in 0.000907 seconds.
Begin MonoManager ReloadAssembly
Native extension for WindowsStandalone target not found
Refreshing native plugins compatible for Editor in 0.42 ms, found 1 plugins.
Preloading 0 native plugins for Editor in 0.00 ms.
Invoked RoslynAnalysisRunner static constructor.
RoslynAnalysisRunner will not be running.
RoslynAnalysisRunner has terminated.
Mono: successfully reloaded assembly
- Completed reload, in  0.793 seconds
Platform modules already initialized, skipping
Refreshing native plugins compatible for Editor in 0.48 ms, found 1 plugins.
Preloading 0 native plugins for Editor in 0.00 ms.
Unloading 1861 Unused Serialized files (Serialized files now loaded: 0)
System memory in use before: 108.0 MB.
System memory in use after: 107.9 MB.

Unloading 12 unused Assets to reduce memory usage. Loaded Objects now: 2379.
Total: 3.340000 ms (FindLiveObjects: 0.360500 ms CreateObjectMapping: 0.189500 ms MarkObjects: 2.641100 ms  DeleteObjects: 0.147000 ms)

========================================================================
Received Prepare
Registering precompiled user dll's ...
Registered in 0.095960 seconds.
Begin MonoManager ReloadAssembly
Native extension for WindowsStandalone target not found
Refreshing native plugins compatible for Editor in 0.38 ms, found 1 plugins.
Preloading 0 native plugins for Editor in 0.00 ms.
Invoked RoslynAnalysisRunner static constructor.
RoslynAnalysisRunner will not be running.
RoslynAnalysisRunner has terminated.
Mono: successfully reloaded assembly
- Completed reload, in  5.169 seconds
Platform modules already initialized, skipping
Refreshing native plugins compatible for Editor in 0.37 ms, found 1 plugins.
Preloading 0 native plugins for Editor in 0.00 ms.
Unloading 1861 Unused Serialized files (Serialized files now loaded: 0)
System memory in use before: 108.0 MB.
System memory in use after: 108.0 MB.

Unloading 12 unused Assets to reduce memory usage. Loaded Objects now: 2383.
Total: 2.233800 ms (FindLiveObjects: 0.232600 ms CreateObjectMapping: 0.087100 ms MarkObjects: 1.781600 ms  DeleteObjects: 0.131100 ms)

========================================================================
Received Import Request.
  Time since last request: 681.832998 seconds.
  path: Assets/Resources/Ryu/Sprites/Ryu_puño.png
  artifactKey: Guid(21a80147428d07048ae84681b2f0784b) Importer(815301076,1909f56bfc062723c751e8b465ee728b)
Start importing Assets/Resources/Ryu/Sprites/Ryu_puño.png using Guid(21a80147428d07048ae84681b2f0784b) Importer(815301076,1909f56bfc062723c751e8b465ee728b)  -> (artifact id: '0faf6b602cbf437d1c876344dc379c88') in 0.090260 seconds
  Import took 0.094271 seconds .

========================================================================
Received Import Request.
  Time since last request: 31.825485 seconds.
  path: Assets/Resources/Ryu/Sprites/Ryu_puño.png
  artifactKey: Guid(21a80147428d07048ae84681b2f0784b) Importer(815301076,1909f56bfc062723c751e8b465ee728b)
Start importing Assets/Resources/Ryu/Sprites/Ryu_puño.png using Guid(21a80147428d07048ae84681b2f0784b) Importer(815301076,1909f56bfc062723c751e8b465ee728b)  -> (artifact id: '83dac3ad8b32ff987002f6f7181f8c09') in 0.012787 seconds
  Import took 0.018861 seconds .

========================================================================
Received Import Request.
  Time since last request: 16.546251 seconds.
  path: Assets/Resources/Ryu/Sprites/Ryu_puño.png
  artifactKey: Guid(21a80147428d07048ae84681b2f0784b) Importer(815301076,1909f56bfc062723c751e8b465ee728b)
Start importing Assets/Resources/Ryu/Sprites/Ryu_puño.png using Guid(21a80147428d07048ae84681b2f0784b) Importer(815301076,1909f56bfc062723c751e8b465ee728b)  -> (artifact id: '7861b8fdb0b6160d0e6d313a54d132cf') in 0.060953 seconds
  Import took 0.065265 seconds .

========================================================================
Received Import Request.
  Time since last request: 44.410537 seconds.
  path: Assets/Resources/Ryu/Sprites/Ryu_punio.anim
  artifactKey: Guid(04c218e270f825148bcf0f4107fca827) Importer(815301076,1909f56bfc062723c751e8b465ee728b)
Start importing Assets/Resources/Ryu/Sprites/Ryu_punio.anim using Guid(04c218e270f825148bcf0f4107fca827) Importer(815301076,1909f56bfc062723c751e8b465ee728b)  -> (artifact id: 'ce24b95fd3d32014be0448c59ab111c0') in 0.011504 seconds
  Import took 0.016878 seconds .

========================================================================
Received Import Request.
  Time since last request: 0.002575 seconds.
  path: Assets/Resources/Ryu/Sprites/Ryu_punio.anim
  artifactKey: Guid(04c218e270f825148bcf0f4107fca827) Importer(815301076,1909f56bfc062723c751e8b465ee728b)
Start importing Assets/Resources/Ryu/Sprites/Ryu_punio.anim using Guid(04c218e270f825148bcf0f4107fca827) Importer(815301076,1909f56bfc062723c751e8b465ee728b)  -> (artifact id: 'ce24b95fd3d32014be0448c59ab111c0') in 0.002973 seconds
  Import took 0.007867 seconds .

========================================================================
Received Import Request.
  Time since last request: 61.145258 seconds.
  path: Assets/Resources/Ryu/Sprites/Ryu_punio.anim
  artifactKey: Guid(04c218e270f825148bcf0f4107fca827) Importer(815301076,1909f56bfc062723c751e8b465ee728b)
Start importing Assets/Resources/Ryu/Sprites/Ryu_punio.anim using Guid(04c218e270f825148bcf0f4107fca827) Importer(815301076,1909f56bfc062723c751e8b465ee728b)  -> (artifact id: '79b23e0486a7c52abef53fdef101b458') in 0.003026 seconds
  Import took 0.011001 seconds .

========================================================================
Received Import Request.
  Time since last request: 0.001276 seconds.
  path: Assets/Resources/Ryu/Sprites/Ryu_punio.anim
  artifactKey: Guid(04c218e270f825148bcf0f4107fca827) Importer(815301076,1909f56bfc062723c751e8b465ee728b)
Start importing Assets/Resources/Ryu/Sprites/Ryu_punio.anim using Guid(04c218e270f825148bcf0f4107fca827) Importer(815301076,1909f56bfc062723c751e8b465ee728b)  -> (artifact id: '79b23e0486a7c52abef53fdef101b458') in 0.004552 seconds
  Import took 0.009095 seconds .

========================================================================
Received Prepare
Registering precompiled user dll's ...
Registered in 0.001091 seconds.
Begin MonoManager ReloadAssembly
Native extension for WindowsStandalone target not found
Refreshing native plugins compatible for Editor in 0.39 ms, found 1 plugins.
Preloading 0 native plugins for Editor in 0.00 ms.
Invoked RoslynAnalysisRunner static constructor.
RoslynAnalysisRunner will not be running.
RoslynAnalysisRunner has terminated.
Mono: successfully reloaded assembly
- Completed reload, in  0.820 seconds
Platform modules already initialized, skipping
Refreshing native plugins compatible for Editor in 0.36 ms, found 1 plugins.
Preloading 0 native plugins for Editor in 0.00 ms.
Unloading 1861 Unused Serialized files (Serialized files now loaded: 0)
System memory in use before: 111.1 MB.
System memory in use after: 111.0 MB.

Unloading 12 unused Assets to reduce memory usage. Loaded Objects now: 2400.
Total: 2.197000 ms (FindLiveObjects: 0.308200 ms CreateObjectMapping: 0.094700 ms MarkObjects: 1.627300 ms  DeleteObjects: 0.164500 ms)

========================================================================
Received Prepare
Registering precompiled user dll's ...
Registered in 0.001168 seconds.
Begin MonoManager ReloadAssembly
Native extension for WindowsStandalone target not found
Refreshing native plugins compatible for Editor in 0.39 ms, found 1 plugins.
Preloading 0 native plugins for Editor in 0.00 ms.
Invoked RoslynAnalysisRunner static constructor.
RoslynAnalysisRunner will not be running.
RoslynAnalysisRunner has terminated.
Mono: successfully reloaded assembly
- Completed reload, in  0.794 seconds
Platform modules already initialized, skipping
Refreshing native plugins compatible for Editor in 0.41 ms, found 1 plugins.
Preloading 0 native plugins for Editor in 0.00 ms.
Unloading 1861 Unused Serialized files (Serialized files now loaded: 0)
System memory in use before: 111.1 MB.
System memory in use after: 111.1 MB.

Unloading 12 unused Assets to reduce memory usage. Loaded Objects now: 2404.
Total: 2.579400 ms (FindLiveObjects: 0.238200 ms CreateObjectMapping: 0.099400 ms MarkObjects: 2.086100 ms  DeleteObjects: 0.154700 ms)

========================================================================
Received Prepare
Registering precompiled user dll's ...
Registered in 0.001310 seconds.
Begin MonoManager ReloadAssembly
Native extension for WindowsStandalone target not found
Refreshing native plugins compatible for Editor in 0.37 ms, found 1 plugins.
Preloading 0 native plugins for Editor in 0.00 ms.
Invoked RoslynAnalysisRunner static constructor.
RoslynAnalysisRunner will not be running.
RoslynAnalysisRunner has terminated.
Mono: successfully reloaded assembly
- Completed reload, in  0.750 seconds
Platform modules already initialized, skipping
Refreshing native plugins compatible for Editor in 0.36 ms, found 1 plugins.
Preloading 0 native plugins for Editor in 0.00 ms.
Unloading 1861 Unused Serialized files (Serialized files now loaded: 0)
System memory in use before: 111.1 MB.
System memory in use after: 111.1 MB.

Unloading 12 unused Assets to reduce memory usage. Loaded Objects now: 2408.
Total: 2.044800 ms (FindLiveObjects: 0.192900 ms CreateObjectMapping: 0.073000 ms MarkObjects: 1.657700 ms  DeleteObjects: 0.120300 ms)

========================================================================
Received Import Request.
  Time since last request: 196.850246 seconds.
  path: Assets/Resources/Ryu/Sprites/Ryu_onda.png
  artifactKey: Guid(af9b45a0b5675d743b218a67cd4f2143) Importer(815301076,1909f56bfc062723c751e8b465ee728b)
Start importing Assets/Resources/Ryu/Sprites/Ryu_onda.png using Guid(af9b45a0b5675d743b218a67cd4f2143) Importer(815301076,1909f56bfc062723c751e8b465ee728b)  -> (artifact id: 'f43dbcd48ecb59e77a29281cd89f02dc') in 0.042236 seconds
  Import took 0.047286 seconds .

========================================================================
Received Import Request.
  Time since last request: 8.767218 seconds.
  path: Assets/Resources/Ryu/Sprites/Ryu_onda.png
  artifactKey: Guid(af9b45a0b5675d743b218a67cd4f2143) Importer(815301076,1909f56bfc062723c751e8b465ee728b)
Start importing Assets/Resources/Ryu/Sprites/Ryu_onda.png using Guid(af9b45a0b5675d743b218a67cd4f2143) Importer(815301076,1909f56bfc062723c751e8b465ee728b)  -> (artifact id: '23472696f31c47af4ce5f5493e42d3c2') in 0.038123 seconds
  Import took 0.043281 seconds .

========================================================================
Received Prepare
Registering precompiled user dll's ...
Registered in 0.001059 seconds.
Begin MonoManager ReloadAssembly
Native extension for WindowsStandalone target not found
Refreshing native plugins compatible for Editor in 0.44 ms, found 1 plugins.
Preloading 0 native plugins for Editor in 0.00 ms.
Invoked RoslynAnalysisRunner static constructor.
RoslynAnalysisRunner will not be running.
RoslynAnalysisRunner has terminated.
Mono: successfully reloaded assembly
- Completed reload, in  0.852 seconds
Platform modules already initialized, skipping
Refreshing native plugins compatible for Editor in 0.60 ms, found 1 plugins.
Preloading 0 native plugins for Editor in 0.00 ms.
Unloading 1861 Unused Serialized files (Serialized files now loaded: 0)
System memory in use before: 111.1 MB.
System memory in use after: 111.1 MB.

Unloading 12 unused Assets to reduce memory usage. Loaded Objects now: 2420.
Total: 2.202300 ms (FindLiveObjects: 0.297200 ms CreateObjectMapping: 0.080100 ms MarkObjects: 1.683200 ms  DeleteObjects: 0.139600 ms)

========================================================================
Received Prepare
Registering precompiled user dll's ...
Registered in 0.001409 seconds.
Begin MonoManager ReloadAssembly
Native extension for WindowsStandalone target not found
Refreshing native plugins compatible for Editor in 0.38 ms, found 1 plugins.
Preloading 0 native plugins for Editor in 0.00 ms.
Invoked RoslynAnalysisRunner static constructor.
RoslynAnalysisRunner will not be running.
RoslynAnalysisRunner has terminated.
Mono: successfully reloaded assembly
- Completed reload, in  0.803 seconds
Platform modules already initialized, skipping
Refreshing native plugins compatible for Editor in 0.38 ms, found 1 plugins.
Preloading 0 native plugins for Editor in 0.00 ms.
Unloading 1861 Unused Serialized files (Serialized files now loaded: 0)
System memory in use before: 111.1 MB.
System memory in use after: 111.1 MB.

Unloading 12 unused Assets to reduce memory usage. Loaded Objects now: 2424.
Total: 2.715400 ms (FindLiveObjects: 0.318600 ms CreateObjectMapping: 0.116700 ms MarkObjects: 2.127700 ms  DeleteObjects: 0.151400 ms)

========================================================================
Received Prepare
Registering precompiled user dll's ...
Registered in 0.001040 seconds.
Begin MonoManager ReloadAssembly
Native extension for WindowsStandalone target not found
Refreshing native plugins compatible for Editor in 0.39 ms, found 1 plugins.
Preloading 0 native plugins for Editor in 0.00 ms.
Invoked RoslynAnalysisRunner static constructor.
RoslynAnalysisRunner will not be running.
RoslynAnalysisRunner has terminated.
Mono: successfully reloaded assembly
- Completed reload, in  0.812 seconds
Platform modules already initialized, skipping
Refreshing native plugins compatible for Editor in 0.47 ms, found 1 plugins.
Preloading 0 native plugins for Editor in 0.00 ms.
Unloading 1861 Unused Serialized files (Serialized files now loaded: 0)
System memory in use before: 111.1 MB.
System memory in use after: 111.1 MB.

Unloading 12 unused Assets to reduce memory usage. Loaded Objects now: 2428.
Total: 2.339200 ms (FindLiveObjects: 0.449000 ms CreateObjectMapping: 0.111500 ms MarkObjects: 1.645800 ms  DeleteObjects: 0.130400 ms)

========================================================================
Received Prepare
Registering precompiled user dll's ...
Registered in 0.001470 seconds.
Begin MonoManager ReloadAssembly
Native extension for WindowsStandalone target not found
Refreshing native plugins compatible for Editor in 0.37 ms, found 1 plugins.
Preloading 0 native plugins for Editor in 0.00 ms.
Invoked RoslynAnalysisRunner static constructor.
RoslynAnalysisRunner will not be running.
RoslynAnalysisRunner has terminated.
Mono: successfully reloaded assembly
- Completed reload, in  0.810 seconds
Platform modules already initialized, skipping
Refreshing native plugins compatible for Editor in 0.41 ms, found 1 plugins.
Preloading 0 native plugins for Editor in 0.00 ms.
Unloading 1861 Unused Serialized files (Serialized files now loaded: 0)
System memory in use before: 111.1 MB.
System memory in use after: 111.1 MB.

Unloading 12 unused Assets to reduce memory usage. Loaded Objects now: 2432.
Total: 2.274900 ms (FindLiveObjects: 0.224200 ms CreateObjectMapping: 0.092000 ms MarkObjects: 1.807400 ms  DeleteObjects: 0.150000 ms)

========================================================================
Received Prepare
Registering precompiled user dll's ...
Registered in 0.000963 seconds.
Begin MonoManager ReloadAssembly
Native extension for WindowsStandalone target not found
Refreshing native plugins compatible for Editor in 0.39 ms, found 1 plugins.
Preloading 0 native plugins for Editor in 0.00 ms.
Invoked RoslynAnalysisRunner static constructor.
RoslynAnalysisRunner will not be running.
RoslynAnalysisRunner has terminated.
Mono: successfully reloaded assembly
- Completed reload, in  0.773 seconds
Platform modules already initialized, skipping
Refreshing native plugins compatible for Editor in 0.42 ms, found 1 plugins.
Preloading 0 native plugins for Editor in 0.00 ms.
Unloading 1861 Unused Serialized files (Serialized files now loaded: 0)
System memory in use before: 111.2 MB.
System memory in use after: 111.1 MB.

Unloading 12 unused Assets to reduce memory usage. Loaded Objects now: 2436.
Total: 2.548700 ms (FindLiveObjects: 0.297500 ms CreateObjectMapping: 0.091400 ms MarkObjects: 2.022400 ms  DeleteObjects: 0.136500 ms)

========================================================================
Received Prepare
Registering precompiled user dll's ...
Registered in 0.003306 seconds.
Begin MonoManager ReloadAssembly
Native extension for WindowsStandalone target not found
Refreshing native plugins compatible for Editor in 0.36 ms, found 1 plugins.
Preloading 0 native plugins for Editor in 0.00 ms.
Invoked RoslynAnalysisRunner static constructor.
RoslynAnalysisRunner will not be running.
RoslynAnalysisRunner has terminated.
Mono: successfully reloaded assembly
- Completed reload, in  0.840 seconds
Platform modules already initialized, skipping
Refreshing native plugins compatible for Editor in 0.47 ms, found 1 plugins.
Preloading 0 native plugins for Editor in 0.00 ms.
Unloading 1861 Unused Serialized files (Serialized files now loaded: 0)
System memory in use before: 111.2 MB.
System memory in use after: 111.1 MB.

Unloading 12 unused Assets to reduce memory usage. Loaded Objects now: 2440.
Total: 2.508300 ms (FindLiveObjects: 0.356400 ms CreateObjectMapping: 0.090300 ms MarkObjects: 1.869000 ms  DeleteObjects: 0.190600 ms)

AssetImportWorkerClient::OnTransportError - code=2 error=End of file
